<?xml version="1.0" encoding="UTF-8"?>
<!-- Generated by org.testng.reporters.JUnitReportReporter -->
<testsuite hostname="PC-LONGNGUYEN" failures="0" tests="5" name="com.bluecloak.map.Sample_E2E_Test_Map" time="58.491" errors="0" timestamp="19 Oct 2023 08:57:44 GMT" skipped="0">
  <testcase classname="com.bluecloak.map.Sample_E2E_Test_Map" name="BlueCloak_01_Login_To_System" time="0.895"/>
  <testcase classname="com.bluecloak.map.Sample_E2E_Test_Map" name="BlueCloak_04_Add_PG_To_Map" time="6.326"/>
  <testcase classname="com.bluecloak.map.Sample_E2E_Test_Map" name="BlueCloak_05_Add_Interface_To_Map" time="9.925"/>
  <testcase classname="com.bluecloak.map.Sample_E2E_Test_Map" name="BlueCloak_02_Create_Project" time="25.589"/>
  <testcase classname="com.bluecloak.map.Sample_E2E_Test_Map" name="BlueCloak_03_Add_Node_To_Map" time="15.756"/>
</testsuite> <!-- com.bluecloak.map.Sample_E2E_Test_Map -->
