<?xml version="1.0" encoding="UTF-8"?>
<!-- Generated by org.testng.reporters.JUnitReportReporter -->
<testsuite hostname="DESKTOP-8H3JR7M" failures="0" tests="5" name="com.bluecloak.map.Sample_E2E_Test_Map" time="67.225" errors="0" timestamp="06 Dec 2023 09:08:35 GMT" skipped="0">
  <testcase classname="com.bluecloak.map.Sample_E2E_Test_Map" name="BlueCloak_02_Create_Project" time="23.147"/>
  <testcase classname="com.bluecloak.map.Sample_E2E_Test_Map" name="BlueCloak_03_Add_Node_To_Map" time="22.585"/>
  <testcase classname="com.bluecloak.map.Sample_E2E_Test_Map" name="BlueCloak_04_Add_PG_To_Map" time="17.401"/>
  <testcase classname="com.bluecloak.map.Sample_E2E_Test_Map" name="BlueCloak_06_Delete_Project" time="2.956"/>
  <testcase classname="com.bluecloak.map.Sample_E2E_Test_Map" name="BlueCloak_01_Login_To_System" time="1.136"/>
</testsuite> <!-- com.bluecloak.map.Sample_E2E_Test_Map -->
